<?xml version="1.0" encoding="UTF-8"?>
<!-- Generated by org.testng.reporters.JUnitReportReporter -->
<testsuite hostname="11LAPJS776J3" failures="0" tests="1" name="TestSelenium.SeleniumMavenTest" time="15.649" errors="0" timestamp="2023-12-07T14:15:32 CET" skipped="0">
  <testcase classname="TestSelenium.SeleniumMavenTest" name="ejecutarTest" time="15.649"/>
</testsuite> <!-- TestSelenium.SeleniumMavenTest -->
