<?xml version="1.0" encoding="UTF-8"?>
<!-- Generated by org.testng.reporters.JUnitReportReporter -->
<testsuite hostname="11LAPJS776J3" failures="0" tests="1" name="TestSelenium.SeleniumMavenTest" time="18.661" errors="0" timestamp="2023-12-14T09:19:58 CET" skipped="0">
  <testcase classname="TestSelenium.SeleniumMavenTest" name="ejecutarTest" time="18.661"/>
</testsuite> <!-- TestSelenium.SeleniumMavenTest -->
